c:\users\윤경렬\desktop\dual&queue&stacklist&tree\duallist\debug\vc140.pdb
c:\users\윤경렬\desktop\dual&queue&stacklist&tree\duallist\debug\vc140.idb
c:\users\윤경렬\desktop\dual&queue&stacklist&tree\duallist\debug\doublelist.obj
c:\users\윤경렬\desktop\dual&queue&stacklist&tree\duallist\debug\main.obj
c:\users\윤경렬\desktop\dual&queue&stacklist&tree\duallist\debug\manager.obj
c:\users\윤경렬\desktop\dual&queue&stacklist&tree\duallist\debug\node.obj
c:\users\윤경렬\desktop\dual&queue&stacklist&tree\duallist\debug\queue.obj
c:\users\윤경렬\desktop\dual&queue&stacklist&tree\duallist\debug\stack.obj
c:\users\윤경렬\desktop\dual&queue&stacklist&tree\duallist\debug\tree.obj
c:\users\윤경렬\desktop\dual&queue&stacklist&tree\debug\duallist.ilk
c:\users\윤경렬\desktop\dual&queue&stacklist&tree\debug\duallist.exe
c:\users\윤경렬\desktop\dual&queue&stacklist&tree\debug\duallist.pdb
c:\users\sherlock\desktop\dual&queue&stacklist&tree\duallist\debug\doublelist.obj
c:\users\sherlock\desktop\dual&queue&stacklist&tree\duallist\debug\main.obj
c:\users\sherlock\desktop\dual&queue&stacklist&tree\duallist\debug\manager.obj
c:\users\sherlock\desktop\dual&queue&stacklist&tree\duallist\debug\node.obj
c:\users\sherlock\desktop\dual&queue&stacklist&tree\duallist\debug\queue.obj
c:\users\sherlock\desktop\dual&queue&stacklist&tree\duallist\debug\stack.obj
c:\users\sherlock\desktop\dual&queue&stacklist&tree\duallist\debug\tree.obj
c:\users\sherlock\desktop\dual&queue&stacklist&tree\duallist\debug\vc140.idb
c:\users\sherlock\desktop\dual&queue&stacklist&tree\duallist\debug\vc140.pdb
c:\users\sherlock\desktop\dual&queue&stacklist&tree\debug\duallist.pdb
c:\users\sherlock\desktop\dual&queue&stacklist&tree\debug\duallist.exe
c:\users\sherlock\desktop\dual&queue&stacklist&tree\debug\duallist.ilk
c:\users\sherlock\desktop\dual&queue&stacklist&tree\duallist\debug\duallist.tlog\cl.command.1.tlog
c:\users\sherlock\desktop\dual&queue&stacklist&tree\duallist\debug\duallist.tlog\cl.read.1.tlog
c:\users\sherlock\desktop\dual&queue&stacklist&tree\duallist\debug\duallist.tlog\cl.write.1.tlog
c:\users\sherlock\desktop\dual&queue&stacklist&tree\duallist\debug\duallist.tlog\link.command.1.tlog
c:\users\sherlock\desktop\dual&queue&stacklist&tree\duallist\debug\duallist.tlog\link.read.1.tlog
c:\users\sherlock\desktop\dual&queue&stacklist&tree\duallist\debug\duallist.tlog\link.write.1.tlog
